Using pre-set license
Built from '2020.2/staging' branch; Version is '2020.2.7f1 (c53830e277f1) revision 12924976'; Using compiler version '192528614'; Build Type 'Release'
OS: 'Windows 10 Pro; OS build 18363.1440; Version 1909; 64bit' Language: 'pl' Physical Memory: 16333 MB
BatchMode: 1, IsHumanControllingUs: 0, StartBugReporterOnCrash: 0, Is64bit: 1, IsPro: 0

 COMMAND LINE ARGUMENTS:
C:\Program Files\Unity\Hub\Editor\2020.2.7f1\Editor\Unity.exe
-adb2
-batchMode
-noUpm
-name
AssetImportWorker0
-projectPath
F:/unity/Name_not_found/Game
-logFile
Logs/AssetImportWorker0.log
-srvPort
52248
Successfully changed project path to: F:/unity/Name_not_found/Game
F:/unity/Name_not_found/Game
Using Asset Import Pipeline V2.
Refreshing native plugins compatible for Editor in 19.03 ms, found 0 plugins.
Preloading 0 native plugins for Editor in 0.00 ms.
Initialize engine version: 2020.2.7f1 (c53830e277f1)
[Subsystems] Discovering subsystems at path C:/Program Files/Unity/Hub/Editor/2020.2.7f1/Editor/Data/Resources/UnitySubsystems
[Subsystems] Discovering subsystems at path F:/unity/Name_not_found/Game/Assets
GfxDevice: creating device client; threaded=0
Direct3D:
    Version:  Direct3D 11.0 [level 11.1]
    Renderer: NVIDIA GeForce GTX 1660 Ti (ID=0x2182)
    Vendor:   
    VRAM:     5991 MB
    Driver:   27.21.14.5671
Initialize mono
Mono path[0] = 'C:/Program Files/Unity/Hub/Editor/2020.2.7f1/Editor/Data/Managed'
Mono path[1] = 'C:/Program Files/Unity/Hub/Editor/2020.2.7f1/Editor/Data/MonoBleedingEdge/lib/mono/unityjit'
Mono config path = 'C:/Program Files/Unity/Hub/Editor/2020.2.7f1/Editor/Data/MonoBleedingEdge/etc'
Using monoOptions --debugger-agent=transport=dt_socket,embedding=1,server=y,suspend=n,address=127.0.0.1:56580
Begin MonoManager ReloadAssembly
Registering precompiled unity dll's ...
Register platform support module: C:/Program Files/Unity/Hub/Editor/2020.2.7f1/Editor/Data/PlaybackEngines/WindowsStandaloneSupport/UnityEditor.WindowsStandalone.Extensions.dll
Registered in 0.001695 seconds.
Native extension for WindowsStandalone target not found
Refreshing native plugins compatible for Editor in 20.85 ms, found 0 plugins.
Preloading 0 native plugins for Editor in 0.00 ms.
Invoked RoslynAnalysisRunner static constructor.
RoslynAnalysisRunner will not be running.
RoslynAnalysisRunner has terminated.
Mono: successfully reloaded assembly
- Completed reload, in  0.921 seconds
Platform modules already initialized, skipping
Registering precompiled user dll's ...
Registered in 0.000577 seconds.
Begin MonoManager ReloadAssembly
Native extension for WindowsStandalone target not found
Refreshing native plugins compatible for Editor in 0.24 ms, found 0 plugins.
Preloading 0 native plugins for Editor in 0.00 ms.
Invoked RoslynAnalysisRunner static constructor.
RoslynAnalysisRunner will not be running.
RoslynAnalysisRunner has terminated.
Mono: successfully reloaded assembly
- Completed reload, in  0.692 seconds
Platform modules already initialized, skipping
========================================================================
Worker process is ready to serve import requests
Launched and connected shader compiler UnityShaderCompiler.exe after 0.05 seconds
Refreshing native plugins compatible for Editor in 0.24 ms, found 0 plugins.
Preloading 0 native plugins for Editor in 0.00 ms.
Unloading 1117 Unused Serialized files (Serialized files now loaded: 0)
System memory in use before: 57.1 MB.
System memory in use after: 57.2 MB.

Unloading 9 unused Assets to reduce memory usage. Loaded Objects now: 1561.
Total: 1.909600 ms (FindLiveObjects: 0.173300 ms CreateObjectMapping: 0.031100 ms MarkObjects: 1.637700 ms  DeleteObjects: 0.066300 ms)

========================================================================
Received Import Request.
  path: Assets/Prefabs/platform.prefab
  artifactKey: Guid(7812f528687a94a4e85bb0218c954437) Importer(815301076,1909f56bfc062723c751e8b465ee728b)
Start importing Assets/Prefabs/platform.prefab using Guid(7812f528687a94a4e85bb0218c954437) Importer(815301076,1909f56bfc062723c751e8b465ee728b)  -> (artifact id: '885300620f791e1a3bf356a11fe5cbaa') in 0.057594 seconds
  Import took 0.059730 seconds .

========================================================================
Received Prepare
Refreshing native plugins compatible for Editor in 0.64 ms, found 0 plugins.
Preloading 0 native plugins for Editor in 0.00 ms.
Unloading 2 Unused Serialized files (Serialized files now loaded: 0)
System memory in use before: 35.1 MB.
System memory in use after: 35.2 MB.

Unloading 2 unused Assets to reduce memory usage. Loaded Objects now: 1562.
Total: 1.905700 ms (FindLiveObjects: 0.162800 ms CreateObjectMapping: 0.025900 ms MarkObjects: 1.701800 ms  DeleteObjects: 0.014000 ms)

========================================================================
Received Import Request.
  Time since last request: 2.888856 seconds.
  path: Assets/Prefabs/player.prefab
  artifactKey: Guid(88cf308f4b346a14683e04cf717c1edf) Importer(815301076,1909f56bfc062723c751e8b465ee728b)
Start importing Assets/Prefabs/player.prefab using Guid(88cf308f4b346a14683e04cf717c1edf) Importer(815301076,1909f56bfc062723c751e8b465ee728b)  -> (artifact id: '0abd3c27112861a63fc09486df664ce5') in 0.057742 seconds
  Import took 0.067245 seconds .

========================================================================
Received Import Request.
  Time since last request: 8.897212 seconds.
  path: Assets/Prefabs/player.prefab
  artifactKey: Guid(88cf308f4b346a14683e04cf717c1edf) Importer(815301076,1909f56bfc062723c751e8b465ee728b)
Start importing Assets/Prefabs/player.prefab using Guid(88cf308f4b346a14683e04cf717c1edf) Importer(815301076,1909f56bfc062723c751e8b465ee728b)  -> (artifact id: '5f7a9daccebf56e3ee350ef5400d2b90') in 0.018337 seconds
  Import took 0.020576 seconds .

========================================================================
Received Prepare
Registering precompiled user dll's ...
Registered in 0.000553 seconds.
Begin MonoManager ReloadAssembly
Native extension for WindowsStandalone target not found
Refreshing native plugins compatible for Editor in 0.25 ms, found 0 plugins.
Preloading 0 native plugins for Editor in 0.00 ms.
Invoked RoslynAnalysisRunner static constructor.
RoslynAnalysisRunner will not be running.
RoslynAnalysisRunner has terminated.
Mono: successfully reloaded assembly
- Completed reload, in  0.696 seconds
Platform modules already initialized, skipping
Refreshing native plugins compatible for Editor in 0.25 ms, found 0 plugins.
Preloading 0 native plugins for Editor in 0.00 ms.
Unloading 1111 Unused Serialized files (Serialized files now loaded: 0)
System memory in use before: 60.2 MB.
System memory in use after: 60.3 MB.

Unloading 4 unused Assets to reduce memory usage. Loaded Objects now: 1572.
Total: 1.670500 ms (FindLiveObjects: 0.171700 ms CreateObjectMapping: 0.026300 ms MarkObjects: 1.453100 ms  DeleteObjects: 0.018500 ms)

========================================================================
Received Prepare
Registering precompiled user dll's ...
Registered in 0.000533 seconds.
Begin MonoManager ReloadAssembly
Native extension for WindowsStandalone target not found
Refreshing native plugins compatible for Editor in 0.25 ms, found 0 plugins.
Preloading 0 native plugins for Editor in 0.00 ms.
Invoked RoslynAnalysisRunner static constructor.
RoslynAnalysisRunner will not be running.
RoslynAnalysisRunner has terminated.
Mono: successfully reloaded assembly
- Completed reload, in  0.620 seconds
Platform modules already initialized, skipping
Refreshing native plugins compatible for Editor in 0.33 ms, found 0 plugins.
Preloading 0 native plugins for Editor in 0.00 ms.
Unloading 1111 Unused Serialized files (Serialized files now loaded: 0)
System memory in use before: 60.2 MB.
System memory in use after: 60.3 MB.

Unloading 4 unused Assets to reduce memory usage. Loaded Objects now: 1575.
Total: 1.751700 ms (FindLiveObjects: 0.183800 ms CreateObjectMapping: 0.031400 ms MarkObjects: 1.518700 ms  DeleteObjects: 0.016400 ms)

========================================================================
Received Prepare
Registering precompiled user dll's ...
Registered in 0.000546 seconds.
Begin MonoManager ReloadAssembly
Native extension for WindowsStandalone target not found
Refreshing native plugins compatible for Editor in 0.27 ms, found 0 plugins.
Preloading 0 native plugins for Editor in 0.00 ms.
Invoked RoslynAnalysisRunner static constructor.
RoslynAnalysisRunner will not be running.
RoslynAnalysisRunner has terminated.
Mono: successfully reloaded assembly
- Completed reload, in  0.699 seconds
Platform modules already initialized, skipping
Refreshing native plugins compatible for Editor in 0.31 ms, found 0 plugins.
Preloading 0 native plugins for Editor in 0.00 ms.
Unloading 1111 Unused Serialized files (Serialized files now loaded: 0)
System memory in use before: 60.2 MB.
System memory in use after: 60.3 MB.

Unloading 4 unused Assets to reduce memory usage. Loaded Objects now: 1578.
Total: 1.917600 ms (FindLiveObjects: 0.263900 ms CreateObjectMapping: 0.032000 ms MarkObjects: 1.603400 ms  DeleteObjects: 0.016800 ms)

========================================================================
Received Import Request.
  Time since last request: 285.163275 seconds.
  path: Assets/Scripts/basicCameraFollow.cs
  artifactKey: Guid(3ff24e94d6901b94684c813f935f7e4b) Importer(815301076,1909f56bfc062723c751e8b465ee728b)
Start importing Assets/Scripts/basicCameraFollow.cs using Guid(3ff24e94d6901b94684c813f935f7e4b) Importer(815301076,1909f56bfc062723c751e8b465ee728b)  -> (artifact id: 'f586d8307f480783e96ab1a01bf5da28') in 0.018846 seconds
  Import took 0.033193 seconds .

========================================================================
Received Import Request.
  Time since last request: 9.429184 seconds.
  path: Assets/Scripts/platform.cs
  artifactKey: Guid(8c44784f2f1f41a4dbfa9fc117871d33) Importer(815301076,1909f56bfc062723c751e8b465ee728b)
Start importing Assets/Scripts/platform.cs using Guid(8c44784f2f1f41a4dbfa9fc117871d33) Importer(815301076,1909f56bfc062723c751e8b465ee728b)  -> (artifact id: '35dda36d63327383a278f85fedb26501') in 0.002038 seconds
  Import took 0.004866 seconds .

========================================================================
Received Import Request.
  Time since last request: 0.000722 seconds.
  path: Assets/Scripts/platform.cs
  artifactKey: Guid(8c44784f2f1f41a4dbfa9fc117871d33) Importer(815301076,1909f56bfc062723c751e8b465ee728b)
Start importing Assets/Scripts/platform.cs using Guid(8c44784f2f1f41a4dbfa9fc117871d33) Importer(815301076,1909f56bfc062723c751e8b465ee728b)  -> (artifact id: '35dda36d63327383a278f85fedb26501') in 0.002037 seconds
  Import took 0.004500 seconds .

========================================================================
Received Import Request.
  Time since last request: 1.862186 seconds.
  path: Assets/Scripts/tileDestruction.cs
  artifactKey: Guid(5756e123d0e019644b636ecc87b7cf27) Importer(815301076,1909f56bfc062723c751e8b465ee728b)
Start importing Assets/Scripts/tileDestruction.cs using Guid(5756e123d0e019644b636ecc87b7cf27) Importer(815301076,1909f56bfc062723c751e8b465ee728b)  -> (artifact id: 'b23c684ca877d1816ca770a55ac432bd') in 0.001747 seconds
  Import took 0.003759 seconds .

========================================================================
Received Import Request.
  Time since last request: 0.001326 seconds.
  path: Assets/Scripts/tileDestruction.cs
  artifactKey: Guid(5756e123d0e019644b636ecc87b7cf27) Importer(815301076,1909f56bfc062723c751e8b465ee728b)
Start importing Assets/Scripts/tileDestruction.cs using Guid(5756e123d0e019644b636ecc87b7cf27) Importer(815301076,1909f56bfc062723c751e8b465ee728b)  -> (artifact id: 'b23c684ca877d1816ca770a55ac432bd') in 0.002163 seconds
  Import took 0.004833 seconds .

========================================================================
Received Prepare
Registering precompiled user dll's ...
Registered in 0.000537 seconds.
Begin MonoManager ReloadAssembly
Native extension for WindowsStandalone target not found
Refreshing native plugins compatible for Editor in 0.25 ms, found 0 plugins.
Preloading 0 native plugins for Editor in 0.00 ms.
Invoked RoslynAnalysisRunner static constructor.
RoslynAnalysisRunner will not be running.
RoslynAnalysisRunner has terminated.
Mono: successfully reloaded assembly
- Completed reload, in  0.658 seconds
Platform modules already initialized, skipping
Refreshing native plugins compatible for Editor in 0.28 ms, found 0 plugins.
Preloading 0 native plugins for Editor in 0.00 ms.
Unloading 1111 Unused Serialized files (Serialized files now loaded: 0)
System memory in use before: 60.2 MB.
System memory in use after: 60.3 MB.

Unloading 4 unused Assets to reduce memory usage. Loaded Objects now: 1581.
Total: 1.793900 ms (FindLiveObjects: 0.180000 ms CreateObjectMapping: 0.027200 ms MarkObjects: 1.568500 ms  DeleteObjects: 0.017100 ms)

========================================================================
Received Prepare
Registering precompiled user dll's ...
Registered in 0.000855 seconds.
Begin MonoManager ReloadAssembly
Native extension for WindowsStandalone target not found
Refreshing native plugins compatible for Editor in 0.31 ms, found 0 plugins.
Preloading 0 native plugins for Editor in 0.00 ms.
Invoked RoslynAnalysisRunner static constructor.
RoslynAnalysisRunner will not be running.
RoslynAnalysisRunner has terminated.
Mono: successfully reloaded assembly
- Completed reload, in  1.207 seconds
Platform modules already initialized, skipping
Refreshing native plugins compatible for Editor in 0.37 ms, found 0 plugins.
Preloading 0 native plugins for Editor in 0.00 ms.
Unloading 1111 Unused Serialized files (Serialized files now loaded: 0)
System memory in use before: 60.2 MB.
System memory in use after: 60.3 MB.

Unloading 4 unused Assets to reduce memory usage. Loaded Objects now: 1584.
Total: 3.784300 ms (FindLiveObjects: 0.232600 ms CreateObjectMapping: 0.054800 ms MarkObjects: 3.465000 ms  DeleteObjects: 0.030000 ms)

AssetImportWorkerClient::OnTransportError - code=2 error=End of file
