Using pre-set license
Built from '2020.2/staging' branch; Version is '2020.2.7f1 (c53830e277f1) revision 12924976'; Using compiler version '192528614'; Build Type 'Release'
OS: 'Windows 10 Pro; OS build 18363.1440; Version 1909; 64bit' Language: 'pl' Physical Memory: 16333 MB
BatchMode: 1, IsHumanControllingUs: 0, StartBugReporterOnCrash: 0, Is64bit: 1, IsPro: 0

 COMMAND LINE ARGUMENTS:
C:\Program Files\Unity\Hub\Editor\2020.2.7f1\Editor\Unity.exe
-adb2
-batchMode
-noUpm
-name
AssetImportWorker0
-projectPath
F:/unity/Name_not_found/Game
-logFile
Logs/AssetImportWorker0.log
-srvPort
58748
Successfully changed project path to: F:/unity/Name_not_found/Game
F:/unity/Name_not_found/Game
Using Asset Import Pipeline V2.
Refreshing native plugins compatible for Editor in 40.80 ms, found 0 plugins.
Preloading 0 native plugins for Editor in 0.00 ms.
Initialize engine version: 2020.2.7f1 (c53830e277f1)
[Subsystems] Discovering subsystems at path C:/Program Files/Unity/Hub/Editor/2020.2.7f1/Editor/Data/Resources/UnitySubsystems
[Subsystems] Discovering subsystems at path F:/unity/Name_not_found/Game/Assets
GfxDevice: creating device client; threaded=0
Direct3D:
    Version:  Direct3D 11.0 [level 11.1]
    Renderer: NVIDIA GeForce GTX 1660 Ti (ID=0x2182)
    Vendor:   
    VRAM:     5991 MB
    Driver:   27.21.14.5671
Initialize mono
Mono path[0] = 'C:/Program Files/Unity/Hub/Editor/2020.2.7f1/Editor/Data/Managed'
Mono path[1] = 'C:/Program Files/Unity/Hub/Editor/2020.2.7f1/Editor/Data/MonoBleedingEdge/lib/mono/unityjit'
Mono config path = 'C:/Program Files/Unity/Hub/Editor/2020.2.7f1/Editor/Data/MonoBleedingEdge/etc'
Using monoOptions --debugger-agent=transport=dt_socket,embedding=1,server=y,suspend=n,address=127.0.0.1:56092
Begin MonoManager ReloadAssembly
Registering precompiled unity dll's ...
Register platform support module: C:/Program Files/Unity/Hub/Editor/2020.2.7f1/Editor/Data/PlaybackEngines/WindowsStandaloneSupport/UnityEditor.WindowsStandalone.Extensions.dll
Registered in 0.003883 seconds.
Native extension for WindowsStandalone target not found
Refreshing native plugins compatible for Editor in 44.70 ms, found 0 plugins.
Preloading 0 native plugins for Editor in 0.00 ms.
Invoked RoslynAnalysisRunner static constructor.
RoslynAnalysisRunner will not be running.
RoslynAnalysisRunner has terminated.
Mono: successfully reloaded assembly
- Completed reload, in  2.121 seconds
Platform modules already initialized, skipping
Registering precompiled user dll's ...
Registered in 0.001269 seconds.
Begin MonoManager ReloadAssembly
Native extension for WindowsStandalone target not found
Refreshing native plugins compatible for Editor in 0.33 ms, found 0 plugins.
Preloading 0 native plugins for Editor in 0.00 ms.
Invoked RoslynAnalysisRunner static constructor.
RoslynAnalysisRunner will not be running.
RoslynAnalysisRunner has terminated.
Mono: successfully reloaded assembly
- Completed reload, in  1.826 seconds
Platform modules already initialized, skipping
========================================================================
Worker process is ready to serve import requests
Launched and connected shader compiler UnityShaderCompiler.exe after 0.10 seconds
Refreshing native plugins compatible for Editor in 0.32 ms, found 0 plugins.
Preloading 0 native plugins for Editor in 0.00 ms.
Unloading 1118 Unused Serialized files (Serialized files now loaded: 0)
System memory in use before: 57.2 MB.
System memory in use after: 57.2 MB.

Unloading 9 unused Assets to reduce memory usage. Loaded Objects now: 1562.
Total: 2.767500 ms (FindLiveObjects: 0.279800 ms CreateObjectMapping: 0.079100 ms MarkObjects: 2.301900 ms  DeleteObjects: 0.104800 ms)

========================================================================
Received Import Request.
  path: Assets/Scripts/playerBooletControll.cs
  artifactKey: Guid(1468910773cda34418812445aaa79ed9) Importer(815301076,1909f56bfc062723c751e8b465ee728b)
Start importing Assets/Scripts/playerBooletControll.cs using Guid(1468910773cda34418812445aaa79ed9) Importer(815301076,1909f56bfc062723c751e8b465ee728b)  -> (artifact id: 'a6ef244f4cd64200241b5511cac364bb') in 0.080520 seconds
  Import took 0.102689 seconds .

========================================================================
Received Import Request.
  Time since last request: 15.847326 seconds.
  path: Assets/Prefabs/bullet.prefab
  artifactKey: Guid(701878a0db02f8a49af7f73780852588) Importer(815301076,1909f56bfc062723c751e8b465ee728b)
Start importing Assets/Prefabs/bullet.prefab using Guid(701878a0db02f8a49af7f73780852588) Importer(815301076,1909f56bfc062723c751e8b465ee728b)  -> (artifact id: '00230aa1346eb7f210818392dbe86fee') in 0.128896 seconds
  Import took 0.132388 seconds .

========================================================================
Received Import Request.
  Time since last request: 3.315826 seconds.
  path: Assets/Prefabs/bullet.prefab
  artifactKey: Guid(701878a0db02f8a49af7f73780852588) Importer(815301076,1909f56bfc062723c751e8b465ee728b)
Start importing Assets/Prefabs/bullet.prefab using Guid(701878a0db02f8a49af7f73780852588) Importer(815301076,1909f56bfc062723c751e8b465ee728b)  -> (artifact id: '187f91cb4604fffe933c5bebb91a9f0c') in 0.025552 seconds
  Import took 0.028644 seconds .

========================================================================
Received Import Request.
  Time since last request: 3.005652 seconds.
  path: Assets/Prefabs/bullet.prefab
  artifactKey: Guid(701878a0db02f8a49af7f73780852588) Importer(815301076,1909f56bfc062723c751e8b465ee728b)
Start importing Assets/Prefabs/bullet.prefab using Guid(701878a0db02f8a49af7f73780852588) Importer(815301076,1909f56bfc062723c751e8b465ee728b)  -> (artifact id: 'b631c5ff3904877872798ecb7b5c33bf') in 0.011756 seconds
  Import took 0.015359 seconds .

========================================================================
Received Prepare
Registering precompiled user dll's ...
Registered in 0.001138 seconds.
Begin MonoManager ReloadAssembly
Native extension for WindowsStandalone target not found
Refreshing native plugins compatible for Editor in 0.49 ms, found 0 plugins.
Preloading 0 native plugins for Editor in 0.00 ms.
Invoked RoslynAnalysisRunner static constructor.
RoslynAnalysisRunner will not be running.
RoslynAnalysisRunner has terminated.
Mono: successfully reloaded assembly
- Completed reload, in  1.355 seconds
Platform modules already initialized, skipping
Refreshing native plugins compatible for Editor in 0.35 ms, found 0 plugins.
Preloading 0 native plugins for Editor in 0.00 ms.
Unloading 1112 Unused Serialized files (Serialized files now loaded: 0)
System memory in use before: 60.2 MB.
System memory in use after: 60.3 MB.

Unloading 4 unused Assets to reduce memory usage. Loaded Objects now: 1573.
Total: 5.371900 ms (FindLiveObjects: 0.203000 ms CreateObjectMapping: 0.046300 ms MarkObjects: 5.092700 ms  DeleteObjects: 0.027900 ms)

========================================================================
Received Import Request.
  Time since last request: 130.939507 seconds.
  path: Assets/Prefabs/player.prefab
  artifactKey: Guid(88cf308f4b346a14683e04cf717c1edf) Importer(815301076,1909f56bfc062723c751e8b465ee728b)
Start importing Assets/Prefabs/player.prefab using Guid(88cf308f4b346a14683e04cf717c1edf) Importer(815301076,1909f56bfc062723c751e8b465ee728b)  -> (artifact id: '19101c8e45b07c89a92d55f23543527c') in 0.088003 seconds
  Import took 0.091715 seconds .

========================================================================
Received Prepare
Registering precompiled user dll's ...
Registered in 0.000812 seconds.
Begin MonoManager ReloadAssembly
Native extension for WindowsStandalone target not found
Refreshing native plugins compatible for Editor in 0.33 ms, found 0 plugins.
Preloading 0 native plugins for Editor in 0.00 ms.
Invoked RoslynAnalysisRunner static constructor.
RoslynAnalysisRunner will not be running.
RoslynAnalysisRunner has terminated.
Mono: successfully reloaded assembly
- Completed reload, in  1.281 seconds
Platform modules already initialized, skipping
Refreshing native plugins compatible for Editor in 0.30 ms, found 0 plugins.
Preloading 0 native plugins for Editor in 0.00 ms.
Unloading 1112 Unused Serialized files (Serialized files now loaded: 0)
System memory in use before: 60.3 MB.
System memory in use after: 60.4 MB.

Unloading 4 unused Assets to reduce memory usage. Loaded Objects now: 1578.
Total: 2.184600 ms (FindLiveObjects: 0.177800 ms CreateObjectMapping: 0.045200 ms MarkObjects: 1.938100 ms  DeleteObjects: 0.022000 ms)

========================================================================
Received Prepare
Registering precompiled user dll's ...
Registered in 0.001474 seconds.
Begin MonoManager ReloadAssembly
Native extension for WindowsStandalone target not found
Refreshing native plugins compatible for Editor in 0.41 ms, found 0 plugins.
Preloading 0 native plugins for Editor in 0.00 ms.
Invoked RoslynAnalysisRunner static constructor.
RoslynAnalysisRunner will not be running.
RoslynAnalysisRunner has terminated.
Mono: successfully reloaded assembly
- Completed reload, in  1.547 seconds
Platform modules already initialized, skipping
Refreshing native plugins compatible for Editor in 0.32 ms, found 0 plugins.
Preloading 0 native plugins for Editor in 0.00 ms.
Unloading 1112 Unused Serialized files (Serialized files now loaded: 0)
System memory in use before: 60.3 MB.
System memory in use after: 60.4 MB.

Unloading 4 unused Assets to reduce memory usage. Loaded Objects now: 1581.
Total: 2.320600 ms (FindLiveObjects: 0.220100 ms CreateObjectMapping: 0.056300 ms MarkObjects: 2.021800 ms  DeleteObjects: 0.020500 ms)

========================================================================
Received Prepare
Registering precompiled user dll's ...
Registered in 0.001227 seconds.
Begin MonoManager ReloadAssembly
Native extension for WindowsStandalone target not found
Refreshing native plugins compatible for Editor in 0.32 ms, found 0 plugins.
Preloading 0 native plugins for Editor in 0.00 ms.
Invoked RoslynAnalysisRunner static constructor.
RoslynAnalysisRunner will not be running.
RoslynAnalysisRunner has terminated.
Mono: successfully reloaded assembly
- Completed reload, in  1.253 seconds
Platform modules already initialized, skipping
Refreshing native plugins compatible for Editor in 0.50 ms, found 0 plugins.
Preloading 0 native plugins for Editor in 0.00 ms.
Unloading 1112 Unused Serialized files (Serialized files now loaded: 0)
System memory in use before: 60.3 MB.
System memory in use after: 60.4 MB.

Unloading 4 unused Assets to reduce memory usage. Loaded Objects now: 1584.
Total: 2.609400 ms (FindLiveObjects: 0.350100 ms CreateObjectMapping: 0.065400 ms MarkObjects: 2.165700 ms  DeleteObjects: 0.025800 ms)

========================================================================
Received Import Request.
  Time since last request: 315.825997 seconds.
  path: Assets/Prefabs/bullet.prefab
  artifactKey: Guid(701878a0db02f8a49af7f73780852588) Importer(815301076,1909f56bfc062723c751e8b465ee728b)
Start importing Assets/Prefabs/bullet.prefab using Guid(701878a0db02f8a49af7f73780852588) Importer(815301076,1909f56bfc062723c751e8b465ee728b)  -> (artifact id: 'e34002b86ffba57e8d9da54858e001ea') in 0.095052 seconds
  Import took 0.098346 seconds .

========================================================================
Received Import Request.
  Time since last request: 0.040272 seconds.
  path: Assets/Prefabs/bullet.prefab
  artifactKey: Guid(701878a0db02f8a49af7f73780852588) Importer(815301076,1909f56bfc062723c751e8b465ee728b)
Start importing Assets/Prefabs/bullet.prefab using Guid(701878a0db02f8a49af7f73780852588) Importer(815301076,1909f56bfc062723c751e8b465ee728b)  -> (artifact id: 'e34002b86ffba57e8d9da54858e001ea') in 0.010273 seconds
  Import took 0.013845 seconds .

========================================================================
Received Import Request.
  Time since last request: 3.673407 seconds.
  path: Assets/Prefabs/bullet.prefab
  artifactKey: Guid(701878a0db02f8a49af7f73780852588) Importer(815301076,1909f56bfc062723c751e8b465ee728b)
Start importing Assets/Prefabs/bullet.prefab using Guid(701878a0db02f8a49af7f73780852588) Importer(815301076,1909f56bfc062723c751e8b465ee728b)  -> (artifact id: 'c86eb2798d36278151990a973a17ad26') in 0.010668 seconds
  Import took 0.013840 seconds .

========================================================================
Received Import Request.
  Time since last request: 3.624046 seconds.
  path: Assets/Prefabs/bullet.prefab
  artifactKey: Guid(701878a0db02f8a49af7f73780852588) Importer(815301076,1909f56bfc062723c751e8b465ee728b)
Start importing Assets/Prefabs/bullet.prefab using Guid(701878a0db02f8a49af7f73780852588) Importer(815301076,1909f56bfc062723c751e8b465ee728b)  -> (artifact id: '074959a5b4de1cb1db58debf92b222e9') in 0.010359 seconds
  Import took 0.014038 seconds .

========================================================================
Received Import Request.
  Time since last request: 2.660312 seconds.
  path: Assets/Prefabs/bullet.prefab
  artifactKey: Guid(701878a0db02f8a49af7f73780852588) Importer(815301076,1909f56bfc062723c751e8b465ee728b)
Start importing Assets/Prefabs/bullet.prefab using Guid(701878a0db02f8a49af7f73780852588) Importer(815301076,1909f56bfc062723c751e8b465ee728b)  -> (artifact id: '95227320dd9cf53e583b3cb34219da00') in 0.013464 seconds
  Import took 0.028516 seconds .

========================================================================
Received Prepare
Registering precompiled user dll's ...
Registered in 0.001131 seconds.
Begin MonoManager ReloadAssembly
Native extension for WindowsStandalone target not found
Refreshing native plugins compatible for Editor in 0.54 ms, found 0 plugins.
Preloading 0 native plugins for Editor in 0.00 ms.
Invoked RoslynAnalysisRunner static constructor.
RoslynAnalysisRunner will not be running.
RoslynAnalysisRunner has terminated.
Mono: successfully reloaded assembly
- Completed reload, in  1.568 seconds
Platform modules already initialized, skipping
Refreshing native plugins compatible for Editor in 0.34 ms, found 0 plugins.
Preloading 0 native plugins for Editor in 0.00 ms.
Unloading 1112 Unused Serialized files (Serialized files now loaded: 0)
System memory in use before: 60.3 MB.
System memory in use after: 60.4 MB.

Unloading 4 unused Assets to reduce memory usage. Loaded Objects now: 1588.
Total: 2.246400 ms (FindLiveObjects: 0.181000 ms CreateObjectMapping: 0.045400 ms MarkObjects: 1.995200 ms  DeleteObjects: 0.023200 ms)

========================================================================
Received Import Request.
  Time since last request: 154.435609 seconds.
  path: Assets/Prefabs/player.prefab
  artifactKey: Guid(88cf308f4b346a14683e04cf717c1edf) Importer(815301076,1909f56bfc062723c751e8b465ee728b)
Start importing Assets/Prefabs/player.prefab using Guid(88cf308f4b346a14683e04cf717c1edf) Importer(815301076,1909f56bfc062723c751e8b465ee728b)  -> (artifact id: '98dc050e3dfa00a268729bbd4b5c9715') in 0.078585 seconds
  Import took 0.081610 seconds .

========================================================================
Received Prepare
Registering precompiled user dll's ...
Registered in 0.001172 seconds.
Begin MonoManager ReloadAssembly
Native extension for WindowsStandalone target not found
Refreshing native plugins compatible for Editor in 0.45 ms, found 0 plugins.
Preloading 0 native plugins for Editor in 0.00 ms.
Invoked RoslynAnalysisRunner static constructor.
RoslynAnalysisRunner will not be running.
RoslynAnalysisRunner has terminated.
Mono: successfully reloaded assembly
- Completed reload, in  1.481 seconds
Platform modules already initialized, skipping
Refreshing native plugins compatible for Editor in 0.32 ms, found 0 plugins.
Preloading 0 native plugins for Editor in 0.00 ms.
Unloading 1112 Unused Serialized files (Serialized files now loaded: 0)
System memory in use before: 60.3 MB.
System memory in use after: 60.4 MB.

Unloading 4 unused Assets to reduce memory usage. Loaded Objects now: 1592.
Total: 2.722100 ms (FindLiveObjects: 0.206600 ms CreateObjectMapping: 0.047100 ms MarkObjects: 2.444200 ms  DeleteObjects: 0.022300 ms)

========================================================================
Received Import Request.
  Time since last request: 147.599370 seconds.
  path: Assets/Scripts/movement.cs
  artifactKey: Guid(a34fe05d51d3cae4a9fa6c7ca0893820) Importer(815301076,1909f56bfc062723c751e8b465ee728b)
Start importing Assets/Scripts/movement.cs using Guid(a34fe05d51d3cae4a9fa6c7ca0893820) Importer(815301076,1909f56bfc062723c751e8b465ee728b)  -> (artifact id: 'e23c0d0ab6bea03265d762daa7093166') in 0.005424 seconds
  Import took 0.008801 seconds .

========================================================================
Received Prepare
Registering precompiled user dll's ...
Registered in 0.000846 seconds.
Begin MonoManager ReloadAssembly
Native extension for WindowsStandalone target not found
Refreshing native plugins compatible for Editor in 0.37 ms, found 0 plugins.
Preloading 0 native plugins for Editor in 0.00 ms.
Invoked RoslynAnalysisRunner static constructor.
RoslynAnalysisRunner will not be running.
RoslynAnalysisRunner has terminated.
Mono: successfully reloaded assembly
- Completed reload, in  1.355 seconds
Platform modules already initialized, skipping
Refreshing native plugins compatible for Editor in 0.33 ms, found 0 plugins.
Preloading 0 native plugins for Editor in 0.00 ms.
Unloading 1113 Unused Serialized files (Serialized files now loaded: 0)
System memory in use before: 60.3 MB.
System memory in use after: 60.4 MB.

Unloading 4 unused Assets to reduce memory usage. Loaded Objects now: 1596.
Total: 2.255100 ms (FindLiveObjects: 0.199900 ms CreateObjectMapping: 0.058500 ms MarkObjects: 1.969500 ms  DeleteObjects: 0.025800 ms)

========================================================================
Received Import Request.
  Time since last request: 121.288640 seconds.
  path: Assets/Scripts/booletDestructionOnHit.cs
  artifactKey: Guid(443cec1f08c4ebf40bed4aa0d2778b97) Importer(815301076,1909f56bfc062723c751e8b465ee728b)
Start importing Assets/Scripts/booletDestructionOnHit.cs using Guid(443cec1f08c4ebf40bed4aa0d2778b97) Importer(815301076,1909f56bfc062723c751e8b465ee728b)  -> (artifact id: 'a4eda852fab4997c612d7013c4978df3') in 0.005472 seconds
  Import took 0.008295 seconds .

========================================================================
Received Prepare
Registering precompiled user dll's ...
Registered in 0.001615 seconds.
Begin MonoManager ReloadAssembly
Native extension for WindowsStandalone target not found
Refreshing native plugins compatible for Editor in 0.34 ms, found 0 plugins.
Preloading 0 native plugins for Editor in 0.00 ms.
Invoked RoslynAnalysisRunner static constructor.
RoslynAnalysisRunner will not be running.
RoslynAnalysisRunner has terminated.
Mono: successfully reloaded assembly
- Completed reload, in  1.499 seconds
Platform modules already initialized, skipping
Refreshing native plugins compatible for Editor in 1.58 ms, found 0 plugins.
Preloading 0 native plugins for Editor in 0.00 ms.
Unloading 1113 Unused Serialized files (Serialized files now loaded: 0)
System memory in use before: 60.3 MB.
System memory in use after: 60.4 MB.

Unloading 4 unused Assets to reduce memory usage. Loaded Objects now: 1599.
Total: 4.270300 ms (FindLiveObjects: 0.380100 ms CreateObjectMapping: 0.071900 ms MarkObjects: 3.786800 ms  DeleteObjects: 0.028800 ms)

========================================================================
Received Prepare
Registering precompiled user dll's ...
Registered in 0.000869 seconds.
Begin MonoManager ReloadAssembly
Native extension for WindowsStandalone target not found
Refreshing native plugins compatible for Editor in 0.31 ms, found 0 plugins.
Preloading 0 native plugins for Editor in 0.00 ms.
Invoked RoslynAnalysisRunner static constructor.
RoslynAnalysisRunner will not be running.
RoslynAnalysisRunner has terminated.
Mono: successfully reloaded assembly
- Completed reload, in  1.330 seconds
Platform modules already initialized, skipping
Refreshing native plugins compatible for Editor in 0.30 ms, found 0 plugins.
Preloading 0 native plugins for Editor in 0.00 ms.
Unloading 1113 Unused Serialized files (Serialized files now loaded: 0)
System memory in use before: 60.4 MB.
System memory in use after: 60.5 MB.

Unloading 4 unused Assets to reduce memory usage. Loaded Objects now: 1602.
Total: 3.188400 ms (FindLiveObjects: 0.361400 ms CreateObjectMapping: 0.065100 ms MarkObjects: 2.732200 ms  DeleteObjects: 0.027800 ms)

========================================================================
Received Import Request.
  Time since last request: 762.822727 seconds.
  path: Assets/Scripts/booletDestructionOnHit.cs
  artifactKey: Guid(443cec1f08c4ebf40bed4aa0d2778b97) Importer(815301076,1909f56bfc062723c751e8b465ee728b)
Start importing Assets/Scripts/booletDestructionOnHit.cs using Guid(443cec1f08c4ebf40bed4aa0d2778b97) Importer(815301076,1909f56bfc062723c751e8b465ee728b)  -> (artifact id: '73b8986857199809e8dd228be1456692') in 0.006465 seconds
  Import took 0.010370 seconds .

========================================================================
Received Import Request.
  Time since last request: 2.821043 seconds.
  path: Assets/Scripts/booletDestructionOnHit.cs
  artifactKey: Guid(443cec1f08c4ebf40bed4aa0d2778b97) Importer(815301076,1909f56bfc062723c751e8b465ee728b)
Start importing Assets/Scripts/booletDestructionOnHit.cs using Guid(443cec1f08c4ebf40bed4aa0d2778b97) Importer(815301076,1909f56bfc062723c751e8b465ee728b)  -> (artifact id: '73b8986857199809e8dd228be1456692') in 0.002639 seconds
  Import took 0.005969 seconds .

========================================================================
Received Prepare
Registering precompiled user dll's ...
Registered in 0.001168 seconds.
Begin MonoManager ReloadAssembly
Native extension for WindowsStandalone target not found
Refreshing native plugins compatible for Editor in 0.33 ms, found 0 plugins.
Preloading 0 native plugins for Editor in 0.00 ms.
Invoked RoslynAnalysisRunner static constructor.
RoslynAnalysisRunner will not be running.
RoslynAnalysisRunner has terminated.
Mono: successfully reloaded assembly
- Completed reload, in  1.273 seconds
Platform modules already initialized, skipping
Refreshing native plugins compatible for Editor in 0.47 ms, found 0 plugins.
Preloading 0 native plugins for Editor in 0.00 ms.
Unloading 1113 Unused Serialized files (Serialized files now loaded: 0)
System memory in use before: 60.4 MB.
System memory in use after: 60.5 MB.

Unloading 4 unused Assets to reduce memory usage. Loaded Objects now: 1605.
Total: 4.351800 ms (FindLiveObjects: 1.035200 ms CreateObjectMapping: 0.066800 ms MarkObjects: 3.223100 ms  DeleteObjects: 0.024400 ms)

========================================================================
Received Import Request.
  Time since last request: 65.034284 seconds.
  path: Assets/Prefabs/player.prefab
  artifactKey: Guid(88cf308f4b346a14683e04cf717c1edf) Importer(815301076,1909f56bfc062723c751e8b465ee728b)
Start importing Assets/Prefabs/player.prefab using Guid(88cf308f4b346a14683e04cf717c1edf) Importer(815301076,1909f56bfc062723c751e8b465ee728b)  -> (artifact id: 'd9acbb1ecc061644c43e80209623cfe9') in 0.082602 seconds
  Import took 0.086283 seconds .

========================================================================
Received Import Request.
  Time since last request: 100.532364 seconds.
  path: Assets/Prefabs/bulletDestruction.prefab
  artifactKey: Guid(f0d5b47b2855440438e9bd282616fa3b) Importer(815301076,1909f56bfc062723c751e8b465ee728b)
Start importing Assets/Prefabs/bulletDestruction.prefab using Guid(f0d5b47b2855440438e9bd282616fa3b) Importer(815301076,1909f56bfc062723c751e8b465ee728b)  -> (artifact id: '9afca6a9aa594225c5b569ba1eab3e7c') in 0.010132 seconds
  Import took 0.013556 seconds .

========================================================================
Received Import Request.
  Time since last request: 0.005242 seconds.
  path: Assets/Prefabs/bulletDestruction.prefab
  artifactKey: Guid(f0d5b47b2855440438e9bd282616fa3b) Importer(815301076,1909f56bfc062723c751e8b465ee728b)
Start importing Assets/Prefabs/bulletDestruction.prefab using Guid(f0d5b47b2855440438e9bd282616fa3b) Importer(815301076,1909f56bfc062723c751e8b465ee728b)  -> (artifact id: '9afca6a9aa594225c5b569ba1eab3e7c') in 0.005559 seconds
  Import took 0.009121 seconds .

========================================================================
Received Import Request.
  Time since last request: 6.651362 seconds.
  path: Assets/Scripts/playerBooletControll.cs
  artifactKey: Guid(1468910773cda34418812445aaa79ed9) Importer(815301076,1909f56bfc062723c751e8b465ee728b)
Start importing Assets/Scripts/playerBooletControll.cs using Guid(1468910773cda34418812445aaa79ed9) Importer(815301076,1909f56bfc062723c751e8b465ee728b)  -> (artifact id: '98bcdf7db00259167aaf4a51acdd86aa') in 0.002476 seconds
  Import took 0.005248 seconds .

========================================================================
Received Import Request.
  Time since last request: 0.003675 seconds.
  path: Assets/Scripts/playerBooletControll.cs
  artifactKey: Guid(1468910773cda34418812445aaa79ed9) Importer(815301076,1909f56bfc062723c751e8b465ee728b)
Start importing Assets/Scripts/playerBooletControll.cs using Guid(1468910773cda34418812445aaa79ed9) Importer(815301076,1909f56bfc062723c751e8b465ee728b)  -> (artifact id: '98bcdf7db00259167aaf4a51acdd86aa') in 0.002227 seconds
  Import took 0.004939 seconds .

========================================================================
Received Import Request.
  Time since last request: 2.341294 seconds.
  path: Assets/Scripts/platform.cs
  artifactKey: Guid(8c44784f2f1f41a4dbfa9fc117871d33) Importer(815301076,1909f56bfc062723c751e8b465ee728b)
Start importing Assets/Scripts/platform.cs using Guid(8c44784f2f1f41a4dbfa9fc117871d33) Importer(815301076,1909f56bfc062723c751e8b465ee728b)  -> (artifact id: 'a6efbce6cb4434262e816c161cd791b4') in 0.002386 seconds
  Import took 0.005234 seconds .

========================================================================
Received Import Request.
  Time since last request: 0.003245 seconds.
  path: Assets/Scripts/platform.cs
  artifactKey: Guid(8c44784f2f1f41a4dbfa9fc117871d33) Importer(815301076,1909f56bfc062723c751e8b465ee728b)
Start importing Assets/Scripts/platform.cs using Guid(8c44784f2f1f41a4dbfa9fc117871d33) Importer(815301076,1909f56bfc062723c751e8b465ee728b)  -> (artifact id: 'a6efbce6cb4434262e816c161cd791b4') in 0.002692 seconds
  Import took 0.006306 seconds .

========================================================================
Received Import Request.
  Time since last request: 15.577553 seconds.
  path: Assets/Materials/visual/Bullet.mat
  artifactKey: Guid(dbe51b79d692112458cee06b4900fd2d) Importer(815301076,1909f56bfc062723c751e8b465ee728b)
Start importing Assets/Materials/visual/Bullet.mat using Guid(dbe51b79d692112458cee06b4900fd2d) Importer(815301076,1909f56bfc062723c751e8b465ee728b)  -> (artifact id: '5ded3a05c8acec5cc190d18adc9599ca') in 0.041236 seconds
  Import took 0.044462 seconds .

========================================================================
Received Import Request.
  Time since last request: 0.298558 seconds.
  path: Assets/Prefabs/bullet.prefab
  artifactKey: Guid(701878a0db02f8a49af7f73780852588) Importer(815301076,1909f56bfc062723c751e8b465ee728b)
Start importing Assets/Prefabs/bullet.prefab using Guid(701878a0db02f8a49af7f73780852588) Importer(815301076,1909f56bfc062723c751e8b465ee728b)  -> (artifact id: '77243a79f67daf45f08d28b503efadd0') in 0.011026 seconds
  Import took 0.014041 seconds .

========================================================================
Received Import Request.
  Time since last request: 4.560745 seconds.
  path: Assets/Prefabs/bullet.prefab
  artifactKey: Guid(701878a0db02f8a49af7f73780852588) Importer(815301076,1909f56bfc062723c751e8b465ee728b)
Start importing Assets/Prefabs/bullet.prefab using Guid(701878a0db02f8a49af7f73780852588) Importer(815301076,1909f56bfc062723c751e8b465ee728b)  -> (artifact id: '88869dc93d794cce61e3e479d114e6dd') in 0.017604 seconds
  Import took 0.021708 seconds .

========================================================================
Received Prepare
Registering precompiled user dll's ...
Registered in 0.000892 seconds.
Begin MonoManager ReloadAssembly
Native extension for WindowsStandalone target not found
Refreshing native plugins compatible for Editor in 0.31 ms, found 0 plugins.
Preloading 0 native plugins for Editor in 0.00 ms.
Invoked RoslynAnalysisRunner static constructor.
RoslynAnalysisRunner will not be running.
RoslynAnalysisRunner has terminated.
Mono: successfully reloaded assembly
- Completed reload, in  1.239 seconds
Platform modules already initialized, skipping
Refreshing native plugins compatible for Editor in 0.31 ms, found 0 plugins.
Preloading 0 native plugins for Editor in 0.00 ms.
Unloading 1113 Unused Serialized files (Serialized files now loaded: 0)
System memory in use before: 60.6 MB.
System memory in use after: 60.7 MB.

Unloading 4 unused Assets to reduce memory usage. Loaded Objects now: 1642.
Total: 2.470400 ms (FindLiveObjects: 0.213500 ms CreateObjectMapping: 0.047500 ms MarkObjects: 2.181300 ms  DeleteObjects: 0.026200 ms)

========================================================================
Received Prepare
Registering precompiled user dll's ...
Registered in 0.001209 seconds.
Begin MonoManager ReloadAssembly
Native extension for WindowsStandalone target not found
Refreshing native plugins compatible for Editor in 0.30 ms, found 0 plugins.
Preloading 0 native plugins for Editor in 0.00 ms.
Invoked RoslynAnalysisRunner static constructor.
RoslynAnalysisRunner will not be running.
RoslynAnalysisRunner has terminated.
Mono: successfully reloaded assembly
- Completed reload, in  1.350 seconds
Platform modules already initialized, skipping
Refreshing native plugins compatible for Editor in 0.48 ms, found 0 plugins.
Preloading 0 native plugins for Editor in 0.00 ms.
Unloading 1113 Unused Serialized files (Serialized files now loaded: 0)
System memory in use before: 60.6 MB.
System memory in use after: 60.7 MB.

Unloading 4 unused Assets to reduce memory usage. Loaded Objects now: 1645.
Total: 2.439500 ms (FindLiveObjects: 0.220900 ms CreateObjectMapping: 0.069200 ms MarkObjects: 2.127700 ms  DeleteObjects: 0.020300 ms)

========================================================================
Received Import Request.
  Time since last request: 633.806097 seconds.
  path: Assets/Prefabs/player.prefab
  artifactKey: Guid(88cf308f4b346a14683e04cf717c1edf) Importer(815301076,1909f56bfc062723c751e8b465ee728b)
Start importing Assets/Prefabs/player.prefab using Guid(88cf308f4b346a14683e04cf717c1edf) Importer(815301076,1909f56bfc062723c751e8b465ee728b)  -> (artifact id: '210c0703a847b72aea850d3bc0286bee') in 0.081049 seconds
  Import took 0.084245 seconds .

========================================================================
Received Prepare
Registering precompiled user dll's ...
Registered in 0.000811 seconds.
Begin MonoManager ReloadAssembly
Native extension for WindowsStandalone target not found
Refreshing native plugins compatible for Editor in 0.31 ms, found 0 plugins.
Preloading 0 native plugins for Editor in 0.00 ms.
Invoked RoslynAnalysisRunner static constructor.
RoslynAnalysisRunner will not be running.
RoslynAnalysisRunner has terminated.
Mono: successfully reloaded assembly
- Completed reload, in  1.315 seconds
Platform modules already initialized, skipping
Refreshing native plugins compatible for Editor in 0.33 ms, found 0 plugins.
Preloading 0 native plugins for Editor in 0.00 ms.
Unloading 1113 Unused Serialized files (Serialized files now loaded: 0)
System memory in use before: 60.6 MB.
System memory in use after: 60.7 MB.

Unloading 4 unused Assets to reduce memory usage. Loaded Objects now: 1649.
Total: 2.256300 ms (FindLiveObjects: 0.190800 ms CreateObjectMapping: 0.046000 ms MarkObjects: 1.998300 ms  DeleteObjects: 0.020100 ms)

========================================================================
Received Prepare
Registering precompiled user dll's ...
Registered in 0.001035 seconds.
Begin MonoManager ReloadAssembly
Native extension for WindowsStandalone target not found
Refreshing native plugins compatible for Editor in 0.36 ms, found 0 plugins.
Preloading 0 native plugins for Editor in 0.00 ms.
Invoked RoslynAnalysisRunner static constructor.
RoslynAnalysisRunner will not be running.
RoslynAnalysisRunner has terminated.
Mono: successfully reloaded assembly
- Completed reload, in  1.364 seconds
Platform modules already initialized, skipping
Refreshing native plugins compatible for Editor in 0.39 ms, found 0 plugins.
Preloading 0 native plugins for Editor in 0.00 ms.
Unloading 1113 Unused Serialized files (Serialized files now loaded: 0)
System memory in use before: 60.6 MB.
System memory in use after: 60.7 MB.

Unloading 4 unused Assets to reduce memory usage. Loaded Objects now: 1652.
Total: 3.014800 ms (FindLiveObjects: 0.409800 ms CreateObjectMapping: 0.112200 ms MarkObjects: 2.466900 ms  DeleteObjects: 0.023400 ms)

